<?xml version="1.0" encoding="UTF-8"?>
<!-- Generated by org.testng.reporters.JUnitReportReporter -->
<testsuite hostname="Georges-MacBook-Pro.local" failures="0" tests="1" name="com.georgetantas.demo.regression.MyTest" time="2.409" errors="0" timestamp="19 Aug 2021 14:28:53 GMT">
  <testcase classname="com.georgetantas.demo.regression.MyTest" name="test01" time="2.409"/>
</testsuite> <!-- com.georgetantas.demo.regression.MyTest -->
